[debug] [2024-10-27T09:29:27.553Z] ----------------------------------------------------------------------
[debug] [2024-10-27T09:29:27.556Z] Command:       /usr/local/Cellar/node/22.10.0/bin/node /usr/local/bin/firebase init
[debug] [2024-10-27T09:29:27.556Z] CLI Version:   13.22.1
[debug] [2024-10-27T09:29:27.556Z] Platform:      darwin
[debug] [2024-10-27T09:29:27.556Z] Node Version:  v22.10.0
[debug] [2024-10-27T09:29:27.557Z] Time:          Sun Oct 27 2024 02:29:27 GMT-0700 (Pacific Daylight Time)
[debug] [2024-10-27T09:29:27.557Z] ----------------------------------------------------------------------
[debug] 
[debug] [2024-10-27T09:29:27.564Z] > command requires scopes: ["email","openid","https://www.googleapis.com/auth/cloudplatformprojects.readonly","https://www.googleapis.com/auth/firebase","https://www.googleapis.com/auth/cloud-platform"]
[debug] [2024-10-27T09:29:27.564Z] > authorizing via signed-in user (jalanderos43@gmail.com)
[info] 
     ######## #### ########  ######## ########     ###     ######  ########
     ##        ##  ##     ## ##       ##     ##  ##   ##  ##       ##
     ######    ##  ########  ######   ########  #########  ######  ######
     ##        ##  ##    ##  ##       ##     ## ##     ##       ## ##
     ##       #### ##     ## ######## ########  ##     ##  ######  ########

You're about to initialize a Firebase project in this directory:

  /Users/josuelanderos/AndroidStudioProjects/ANDROID-APP/app

[info] 
=== Project Setup
[info] 
[info] First, let's associate this project directory with a Firebase project.
[info] You can create multiple project aliases by running firebase use --add, 
[info] but for now we'll just set up a default project.
[info] 
[debug] [2024-10-27T09:33:21.713Z] Checked if tokens are valid: true, expires at: 1730024781739
[debug] [2024-10-27T09:33:21.713Z] Checked if tokens are valid: true, expires at: 1730024781739
[debug] [2024-10-27T09:33:21.716Z] >>> [apiv2][query] GET https://firebase.googleapis.com/v1beta1/projects pageSize=100
[debug] [2024-10-27T09:33:22.601Z] <<< [apiv2][status] GET https://firebase.googleapis.com/v1beta1/projects 200
[debug] [2024-10-27T09:33:22.602Z] <<< [apiv2][body] GET https://firebase.googleapis.com/v1beta1/projects [omitted]
